#
# There is insufficient memory for the Java Runtime Environment to continue.
# Native memory allocation (malloc) failed to allocate 72976 bytes for Chunk::new
# Possible reasons:
#   The system is out of physical RAM or swap space
#   In 32 bit mode, the process size limit was hit
# Possible solutions:
#   Reduce memory load on the system
#   Increase physical memory or swap space
#   Check if swap backing store is full
#   Use 64 bit Java on a 64 bit OS
#   Decrease Java heap size (-Xmx/-Xms)
#   Decrease number of Java threads
#   Decrease Java thread stack sizes (-Xss)
#   Set larger code cache with -XX:ReservedCodeCacheSize=
# This output file may be truncated or incomplete.
#
#  Out of Memory Error (allocation.cpp:390), pid=2512, tid=6556
#
# JRE version: Java(TM) SE Runtime Environment (8.0_73-b02) (build 1.8.0_73-b02)
# Java VM: Java HotSpot(TM) 64-Bit Server VM (25.73-b02 mixed mode windows-amd64 compressed oops)
# Failed to write core dump. Minidumps are not enabled by default on client versions of Windows
#

---------------  T H R E A D  ---------------

Current thread (0x00000000562e5000):  JavaThread "C2 CompilerThread1" daemon [_thread_in_native, id=6556, stack(0x00000000568f0000,0x00000000569f0000)]

Stack: [0x00000000568f0000,0x00000000569f0000]
[error occurred during error reporting (printing stack bounds), id 0xc0000005]

Native frames: (J=compiled Java code, j=interpreted, Vv=VM code, C=native code)


Current CompileTask:
C2:   5430  680 %     4       com.android.dx.cf.code.Ropper::getAvailableLabel @ 13 (54 bytes)


---------------  P R O C E S S  ---------------

Java Threads: ( => current thread )
  0x0000000056513800 JavaThread "pool-2-thread-3" [_thread_in_Java, id=6292, stack(0x0000000057b30000,0x0000000057c30000)]
  0x0000000056420800 JavaThread "pool-3-thread-1" [_thread_blocked, id=6252, stack(0x0000000057a20000,0x0000000057b20000)]
  0x00000000562f2800 JavaThread "Service Thread" daemon [_thread_blocked, id=6408, stack(0x00000000570a0000,0x00000000571a0000)]
  0x00000000562e6000 JavaThread "C1 CompilerThread2" daemon [_thread_in_native, id=6280, stack(0x0000000056f20000,0x0000000057020000)]
=>0x00000000562e5000 JavaThread "C2 CompilerThread1" daemon [_thread_in_native, id=6556, stack(0x00000000568f0000,0x00000000569f0000)]
  0x000000005508c000 JavaThread "C2 CompilerThread0" daemon [_thread_in_native, id=6148, stack(0x0000000056c80000,0x0000000056d80000)]
  0x00000000562da800 JavaThread "Attach Listener" daemon [_thread_blocked, id=6320, stack(0x0000000056a50000,0x0000000056b50000)]
  0x0000000055078800 JavaThread "Signal Dispatcher" daemon [_thread_blocked, id=3120, stack(0x00000000567d0000,0x00000000568d0000)]
  0x0000000055021800 JavaThread "Finalizer" daemon [_thread_blocked, id=6600, stack(0x00000000561d0000,0x00000000562d0000)]
  0x0000000055020000 JavaThread "Reference Handler" daemon [_thread_blocked, id=2996, stack(0x0000000055ec0000,0x0000000055fc0000)]
  0x000000000238e000 JavaThread "main" [_thread_blocked, id=1916, stack(0x0000000002630000,0x0000000002730000)]

Other Threads:
  0x000000005501a800 VMThread [stack: 0x0000000056010000,0x0000000056110000] [id=6612]
  0x0000000056380800 WatcherThread [stack: 0x0000000056b70000,0x0000000056c70000] [id=6652]

VM state:not at safepoint (normal execution)

VM Mutex/Monitor currently owned by a thread: None

Heap:
 PSYoungGen      total 17920K, used 10819K [0x00000000eab00000, 0x00000000ece00000, 0x0000000100000000)
  eden space 15360K, 53% used [0x00000000eab00000,0x00000000eb311e98,0x00000000eba00000)
  from space 2560K, 99% used [0x00000000eba00000,0x00000000ebc7f0b0,0x00000000ebc80000)
  to   space 2560K, 0% used [0x00000000ecb80000,0x00000000ecb80000,0x00000000ece00000)
 ParOldGen       total 40960K, used 2195K [0x00000000c0000000, 0x00000000c2800000, 0x00000000eab00000)
  object space 40960K, 5% used [0x00000000c0000000,0x00000000c0224c80,0x00000000c2800000)
 Metaspace       used 5640K, capacity 6768K, committed 7040K, reserved 1056768K
  class space    used 579K, capacity 616K, committed 640K, reserved 1048576K

Card table byte_map: [0x0000000011af0000,0x0000000011d00000] byte_map_base: 0x00000000114f0000

Marking Bits: (ParMarkBitMap*) 0x0000000066bd0600
 Begin Bits: [0x0000000012490000, 0x0000000013490000)
 End Bits:   [0x0000000013490000, 0x0000000014490000)

Polling page: 0x0000000000430000

CodeCache: size=245760Kb used=2664Kb max_used=2694Kb free=243095Kb
 bounds [0x0000000002730000, 0x00000000029e0000, 0x0000000011730000]
 total_blobs=906 nmethods=642 adapters=176
 compilation: enabled

Compilation events (10 events):
Event: 2.720 Thread 0x00000000562e6000  663       3       com.android.dx.ssa.SCCP::addUsersToWorklist (103 bytes)
Event: 2.721 Thread 0x00000000562e6000 nmethod 663 0x00000000029cdb50 code [0x00000000029cde20, 0x00000000029cf2d8]
Event: 2.721 Thread 0x00000000562e6000  664       3       com.android.dx.ssa.SsaMethod::forEachInsn (36 bytes)
Event: 2.722 Thread 0x000000005508c000  674       4       com.android.dx.rop.code.BasicBlockList::get (9 bytes)
Event: 3.754 Thread 0x00000000562e5000 

Event: 3.756 Thread 0x00000000562e6000 

Event: 3.759 Thread 0x000000005508c000 

Event: 4.412 Thread 0x00000000562e5000  680 %     4       com.android.dx.cf.code.Ropper::getAvailableLabel @ 13 (54 bytes)
Event: 4.412 Thread 0x000000005508c000  681 %     4       com.android.dx.cf.code.Ropper::labelToResultIndex @ 10 (47 bytes)
Event: 4.415 Thread 0x00000000562e6000  690       2       com.android.dx.cf.code.BaseMachine::storeResults (90 bytes)

GC Heap History (2 events):
Event: 3.889 GC heap before
{Heap before GC invocations=1 (full 0):
 PSYoungGen      total 17920K, used 15360K [0x00000000eab00000, 0x00000000ebf00000, 0x0000000100000000)
  eden space 15360K, 100% used [0x00000000eab00000,0x00000000eba00000,0x00000000eba00000)
  from space 2560K, 0% used [0x00000000ebc80000,0x00000000ebc80000,0x00000000ebf00000)
  to   space 2560K, 0% used [0x00000000eba00000,0x00000000eba00000,0x00000000ebc80000)
 ParOldGen       total 40960K, used 0K [0x00000000c0000000, 0x00000000c2800000, 0x00000000eab00000)
  object space 40960K, 0% used [0x00000000c0000000,0x00000000c0000000,0x00000000c2800000)
 Metaspace       used 5577K, capacity 6704K, committed 6784K, reserved 1056768K
  class space    used 577K, capacity 616K, committed 640K, reserved 1048576K
Event: 3.949 GC heap after
Heap after GC invocations=1 (full 0):
 PSYoungGen      total 17920K, used 2556K [0x00000000eab00000, 0x00000000ece00000, 0x0000000100000000)
  eden space 15360K, 0% used [0x00000000eab00000,0x00000000eab00000,0x00000000eba00000)
  from space 2560K, 99% used [0x00000000eba00000,0x00000000ebc7f0b0,0x00000000ebc80000)
  to   space 2560K, 0% used [0x00000000ecb80000,0x00000000ecb80000,0x00000000ece00000)
 ParOldGen       total 40960K, used 2195K [0x00000000c0000000, 0x00000000c2800000, 0x00000000eab00000)
  object space 40960K, 5% used [0x00000000c0000000,0x00000000c0224c80,0x00000000c2800000)
 Metaspace       used 5577K, capacity 6704K, committed 6784K, reserved 1056768K
  class space    used 577K, capacity 616K, committed 640K, reserved 1048576K
}

Deoptimization events (1 events):
Event: 2.620 Thread 0x00000000564f7000 Uncommon trap: reason=unstable_if action=reinterpret pc=0x000000000291d9b0 method=java.util.HashMap.getNode(ILjava/lang/Object;)Ljava/util/HashMap$Node; @ 62

Internal exceptions (2 events):
Event: 0.183 Thread 0x000000000238e000 Exception <a 'java/lang/NoSuchMethodError': Method sun.misc.Unsafe.defineClass(Ljava/lang/String;[BII)Ljava/lang/Class; name or signature does not match> (0x00000000eab130e0) thrown at [D:\re\puppet\workspace\8-2-build-windows-amd64-cygwin\jdk8u73\6086\hot€ÐtkxaÇ?
Event: 0.183 Thread 0x000000000238e000 Exception <a 'java/lang/NoSuchMethodError': Method sun.misc.Unsafe.prefetchRead(Ljava/lang/Object;J)V name or signature does not match> (0x00000000eab133c8) thrown at [D:\re\puppet\workspace\8-2-build-windows-amd64-cygwin\jdk8u73\6086\hotspot\src\share\vm\

Events (10 events):
Event: 4.411 Thread 0x00000000562e6000 flushing nmethod 0x000000000286c850
Event: 4.411 Thread 0x00000000562e6000 flushing nmethod 0x000000000286d610
Event: 4.411 Thread 0x00000000562e6000 flushing nmethod 0x000000000286ec90
Event: 4.411 Thread 0x00000000562e6000 flushing nmethod 0x0000000002882c10
Event: 4.411 Thread 0x00000000562e6000 flushing nmethod 0x0000000002883210
Event: 4.411 Thread 0x00000000562e6000 flushing nmethod 0x0000000002886110
Event: 4.411 Thread 0x00000000562e6000 flushing nmethod 0x0000000002888150
Event: 4.411 Thread 0x00000000562e6000 flushing nmethod 0x00000000028ad990
Event: 4.411 Thread 0x00000000562e6000 flushing nmethod 0x00000000028afd90
Event: 4.411 Thread 0x00000000562e6000 flushing nmethod 0x00000000028b9710


Dynamic libraries:
0x000000013f2a0000 - 0x000000013f2d7000 	C:\Program Files\Java\jdk1.8.0_73\bin\java.exe
0x00000000779b0000 - 0x0000000077b59000 	C:\Windows\SYSTEM32\ntdll.dll
0x0000000077890000 - 0x00000000779af000 	C:\Windows\system32\kernel32.dll
0x000007fefdb20000 - 0x000007fefdb8b000 	C:\Windows\system32\KERNELBASE.dll
0x000007fefeed0000 - 0x000007fefefab000 	C:\Windows\system32\ADVAPI32.dll
0x000007fefe040000 - 0x000007fefe0df000 	C:\Windows\system32\msvcrt.dll
0x000007fefdce0000 - 0x000007fefdcff000 	C:\Windows\SYSTEM32\sechost.dll
0x000007feff1c0000 - 0x000007feff2ed000 	C:\Windows\system32\RPCRT4.dll
0x0000000077790000 - 0x000000007788a000 	C:\Windows\system32\USER32.dll
0x000007feff080000 - 0x000007feff0e7000 	C:\Windows\system32\GDI32.dll
0x000007fefee70000 - 0x000007fefee7e000 	C:\Windows\system32\LPK.dll
0x000007feff0f0000 - 0x000007feff1b9000 	C:\Windows\system32\USP10.dll
0x000007fefc3a0000 - 0x000007fefc594000 	C:\Windows\WinSxS\amd64_microsoft.windows.common-controls_6595b64144ccf1df_6.0.7601.17514_none_fa396087175ac9ac\COMCTL32.dll
0x000007fefdee0000 - 0x000007fefdf51000 	C:\Windows\system32\SHLWAPI.dll
0x000007fefefb0000 - 0x000007fefefde000 	C:\Windows\system32\IMM32.DLL
0x000007feffbb0000 - 0x000007feffcb9000 	C:\Windows\system32\MSCTF.dll
0x0000000068e10000 - 0x0000000068ee2000 	C:\Program Files\Java\jdk1.8.0_73\jre\bin\msvcr100.dll
0x00000000663c0000 - 0x0000000066c50000 	C:\Program Files\Java\jdk1.8.0_73\jre\bin\server\jvm.dll
0x000007fefa3a0000 - 0x000007fefa3a9000 	C:\Windows\system32\WSOCK32.dll
0x000007fefee80000 - 0x000007fefeecd000 	C:\Windows\system32\WS2_32.dll
0x000007fefdcd0000 - 0x000007fefdcd8000 	C:\Windows\system32\NSI.dll
0x000007fefb8d0000 - 0x000007fefb90b000 	C:\Windows\system32\WINMM.dll
0x000007fefca60000 - 0x000007fefca6c000 	C:\Windows\system32\VERSION.dll
0x0000000077b70000 - 0x0000000077b77000 	C:\Windows\system32\PSAPI.DLL
0x00000000698a0000 - 0x00000000698af000 	C:\Program Files\Java\jdk1.8.0_73\jre\bin\verify.dll
0x0000000068de0000 - 0x0000000068e09000 	C:\Program Files\Java\jdk1.8.0_73\jre\bin\java.dll
0x0000000069880000 - 0x0000000069896000 	C:\Program Files\Java\jdk1.8.0_73\jre\bin\zip.dll
0x000007fefe0e0000 - 0x000007fefee68000 	C:\Windows\system32\SHELL32.dll
0x000007feff410000 - 0x000007feff613000 	C:\Windows\system32\ole32.dll
0x000007fefd900000 - 0x000007fefd90f000 	C:\Windows\system32\profapi.dll

VM Arguments:
jvm_args: -Djava.awt.headless=true -Xmx1024M -Dfile.encoding=x-windows-949 -Duser.country=KR -Duser.language=ko -Duser.variant 
java_command: com.android.dx.command.Main --dex --force-jumbo --num-threads=4 --multi-dex --output C:\Users\c\AndroidStudioProjects\helloworld\app\build\intermediates\transforms\dex\debug\folders\1000\5\slice_8 C:\Users\c\AndroidStudioProjects\helloworld\app\build\intermediates\transforms\instantRunSlicer\debug\folders\1\5\slice_8
java_class_path (initial): C:\Users\c\AppData\Local\Android\sdk\build-tools\23.0.3\lib\dx.jar
Launcher Type: SUN_STANDARD

Environment Variables:
JAVA_HOME=C:\Program Files\Java\jdk1.8.0_73
PATH=C:\Dev\oracle\product\11.2.0\dbhome_1\bin;C:\ProgramData\Oracle\Java\javapath;C:\oraclexe\app\oracle\product\11.2.0\server\bin;;C:\Program Files\Java\jdk1.8.0_73\bin;C:\Windows\system32;C:\Windows;C:\Windows\System32\Wbem;C:\Windows\System32\WindowsPowerShell\v1.0\;C:\Program Files\Java\jdk1.8.0_73\bin;C:\Spring\spring-tool-suite-3.7.3.RELEASE-e4.5.2-win32-x86_64\sts-bundle\pivotal-tc-server-developer-3.1.3.SR1\tomcat-8.0.0.26.B.RELEASE;C:\Program Files (x86)\Google\Chrome\Application;C:\Dev\oracle\product\11.2.0\dbhome_1\bin;C:\ProgramData\Oracle\Java\javapath;C:\oraclexe\app\oracle\product\11.2.0\server\bin;C:\Program Files\Java\jdk1.8.0_73\bin;C:\Windows\system32;C:\Windows;C:\Windows\System32\Wbem;C:\Windows\System32\WindowsPowerShell\v1.0\;C:\Program Files\Java\jdk1.8.0_73\bin;C:\Spring\spring-tool-suite-3.7.3.RELEASE-e4.5.2-win32-x86_64\sts-bundle\pivotal-tc-server-developer-3.1.3.SR1\tomcat-8.0.0.26.B.RELEASE;C:\Users\c\AppData\Local\Programs\Git\cmd
USERNAME=c
OS=Windows_NT
PROCESSOR_IDENTIFIER=Intel64 Family 6 Model 60 Stepping 3, GenuineIntel



---------------  S Y S T E M  ---------------

OS: Windows 7 , 64 bit Build 7601 (6.1.7601.17514)

CPU:total 4 (2 cores per cpu, 2 threads per core) family 6 model 60 stepping 3, cmov, cx8, fxsr, mmx, sse, sse2, sse3, ssse3, sse4.1, sse4.2, popcnt, avx, avx2, aes, clmul, erms, lzcnt, ht, tsc, tscinvbit, bmi1, bmi2

Memory: 4k page, physical 3859800k(45200k free), swap 7751504k(7496k free)

vm_info: Java HotSpot(TM) 64-Bit Server VM (25.73-b02) for windows-amd64 JRE (1.8.0_73-b02), built on Jan 29 2016 17:38:49 by "java_re" with MS VC++ 10.0 (VS2010)

time: Sat May 07 10:16:55 2016
elapsed time: 5 seconds (0d 0h 0m 5s)

