#
# There is insufficient memory for the Java Runtime Environment to continue.
# Native memory allocation (malloc) failed to allocate 1355056 bytes for Chunk::new
# Possible reasons:
#   The system is out of physical RAM or swap space
#   In 32 bit mode, the process size limit was hit
# Possible solutions:
#   Reduce memory load on the system
#   Increase physical memory or swap space
#   Check if swap backing store is full
#   Use 64 bit Java on a 64 bit OS
#   Decrease Java heap size (-Xmx/-Xms)
#   Decrease number of Java threads
#   Decrease Java thread stack sizes (-Xss)
#   Set larger code cache with -XX:ReservedCodeCacheSize=
# This output file may be truncated or incomplete.
#
#  Out of Memory Error (allocation.cpp:390), pid=6508, tid=5152
#
# JRE version: Java(TM) SE Runtime Environment (8.0_73-b02) (build 1.8.0_73-b02)
# Java VM: Java HotSpot(TM) 64-Bit Server VM (25.73-b02 mixed mode windows-amd64 compressed oops)
# Failed to write core dump. Minidumps are not enabled by default on client versions of Windows
#

---------------  T H R E A D  ---------------

Current thread (0x000000005513c000):  JavaThread "C2 CompilerThread0" daemon [_thread_in_native, id=5152, stack(0x0000000056df0000,0x0000000056ef0000)]

Stack: [0x0000000056df0000,0x0000000056ef0000]
[error occurred during error reporting (printing stack bounds), id 0xc0000005]

Native frames: (J=compiled Java code, j=interpreted, Vv=VM code, C=native code)


Current CompileTask:
C2:   5343 1184   !   4       com.android.dx.cf.code.BytecodeArray::parseInstruction (2764 bytes)


---------------  P R O C E S S  ---------------

Java Threads: ( => current thread )
  0x0000000056832800 JavaThread "pool-2-thread-4" [_thread_in_Java, id=6372, stack(0x0000000057fd0000,0x00000000580d0000)]
  0x000000005683a000 JavaThread "pool-2-thread-3" [_thread_blocked, id=3272, stack(0x0000000057b90000,0x0000000057c90000)]
  0x000000005682d800 JavaThread "pool-2-thread-2" [_thread_blocked, id=5264, stack(0x0000000057ec0000,0x0000000057fc0000)]
  0x00000000567ed000 JavaThread "pool-3-thread-1" [_thread_blocked, id=5948, stack(0x0000000057d20000,0x0000000057e20000)]
  0x00000000567ec800 JavaThread "pool-2-thread-1" [_thread_blocked, id=6176, stack(0x0000000057a70000,0x0000000057b70000)]
  0x000000005656d800 JavaThread "Service Thread" daemon [_thread_blocked, id=6276, stack(0x0000000057020000,0x0000000057120000)]
  0x0000000056516000 JavaThread "C1 CompilerThread2" daemon [_thread_in_vm, id=6552, stack(0x0000000056f00000,0x0000000057000000)]
  0x00000000564f5000 JavaThread "C2 CompilerThread1" daemon [_thread_in_native, id=6284, stack(0x0000000056c70000,0x0000000056d70000)]
=>0x000000005513c000 JavaThread "C2 CompilerThread0" daemon [_thread_in_native, id=5152, stack(0x0000000056df0000,0x0000000056ef0000)]
  0x00000000564eb800 JavaThread "Attach Listener" daemon [_thread_blocked, id=6380, stack(0x0000000056b60000,0x0000000056c60000)]
  0x0000000055128800 JavaThread "Signal Dispatcher" daemon [_thread_blocked, id=4412, stack(0x00000000569b0000,0x0000000056ab0000)]
  0x00000000550d1800 JavaThread "Finalizer" daemon [_thread_blocked, id=5704, stack(0x00000000563e0000,0x00000000564e0000)]
  0x00000000550d0000 JavaThread "Reference Handler" daemon [_thread_blocked, id=6444, stack(0x00000000562d0000,0x00000000563d0000)]
  0x00000000003be000 JavaThread "main" [_thread_blocked, id=6436, stack(0x0000000002520000,0x0000000002620000)]

Other Threads:
  0x00000000550ca800 VMThread [stack: 0x0000000056140000,0x0000000056240000] [id=6328]
  0x00000000565c2000 WatcherThread [stack: 0x0000000057130000,0x0000000057230000] [id=6756]

VM state:synchronizing (normal execution)

VM Mutex/Monitor currently owned by a thread:  ([mutex/lock_event])
[0x00000000003bc760] Safepoint_lock - owner thread: 0x00000000550ca800
[0x00000000003bc7e0] Threads_lock - owner thread: 0x00000000550ca800

Heap:
 PSYoungGen      total 33280K, used 13731K [0x00000000eab00000, 0x00000000ece00000, 0x0000000100000000)
  eden space 30720K, 36% used [0x00000000eab00000,0x00000000eb5eb260,0x00000000ec900000)
  from space 2560K, 99% used [0x00000000ecb80000,0x00000000ecdfdd10,0x00000000ece00000)
  to   space 2560K, 0% used [0x00000000ec900000,0x00000000ec900000,0x00000000ecb80000)
 ParOldGen       total 40960K, used 2330K [0x00000000c0000000, 0x00000000c2800000, 0x00000000eab00000)
  object space 40960K, 5% used [0x00000000c0000000,0x00000000c02468d0,0x00000000c2800000)
 Metaspace       used 6054K, capacity 6900K, committed 7040K, reserved 1056768K
  class space    used 604K, capacity 620K, committed 640K, reserved 1048576K

Card table byte_map: [0x0000000011a60000,0x0000000011c70000] byte_map_base: 0x0000000011460000

Marking Bits: (ParMarkBitMap*) 0x0000000066bd0600
 Begin Bits: [0x0000000012540000, 0x0000000013540000)
 End Bits:   [0x0000000013540000, 0x0000000014540000)

Polling page: 0x0000000000230000

CodeCache: size=245760Kb used=4799Kb max_used=4799Kb free=240960Kb
 bounds [0x00000000026a0000, 0x0000000002b60000, 0x00000000116a0000]
 total_blobs=1482 nmethods=1211 adapters=184
 compilation: enabled

Compilation events (10 events):
Event: 4.335 Thread 0x0000000056516000 nmethod 1211 0x0000000002b4f790 code [0x0000000002b4f8e0, 0x0000000002b4fa70]
Event: 4.335 Thread 0x0000000056516000 1214       3       com.android.dx.dex.file.OffsettedItem::<init> (44 bytes)
Event: 4.335 Thread 0x0000000056516000 nmethod 1214 0x0000000002b4fb10 code [0x0000000002b4fcc0, 0x0000000002b50198]
Event: 4.335 Thread 0x0000000056516000 1217       3       com.android.dx.cf.code.BasicBlocker::getBlockList (208 bytes)
Event: 4.337 Thread 0x0000000056516000 nmethod 1217 0x0000000002b50390 code [0x0000000002b50600, 0x0000000002b517e8]
Event: 4.337 Thread 0x0000000056516000 1215       3       com.android.dx.cf.iface.StdAttributeList::findNext (85 bytes)
Event: 4.337 Thread 0x0000000056516000 nmethod 1215 0x0000000002b52290 code [0x0000000002b52480, 0x0000000002b53048]
Event: 4.337 Thread 0x0000000056516000 1216       3       com.android.dx.cf.code.LocalVariableList::<init> (6 bytes)
Event: 4.337 Thread 0x0000000056516000 nmethod 1216 0x0000000002b53410 code [0x0000000002b53580, 0x0000000002b53708]
Event: 4.338 Thread 0x0000000056516000 1218       3       com.android.dx.rop.code.Insn::contentEquals (84 bytes)

GC Heap History (4 events):
Event: 1.963 GC heap before
{Heap before GC invocations=1 (full 0):
 PSYoungGen      total 17920K, used 15360K [0x00000000eab00000, 0x00000000ebf00000, 0x0000000100000000)
  eden space 15360K, 100% used [0x00000000eab00000,0x00000000eba00000,0x00000000eba00000)
  from space 2560K, 0% used [0x00000000ebc80000,0x00000000ebc80000,0x00000000ebf00000)
  to   space 2560K, 0% used [0x00000000eba00000,0x00000000eba00000,0x00000000ebc80000)
 ParOldGen       total 40960K, used 0K [0x00000000c0000000, 0x00000000c2800000, 0x00000000eab00000)
  object space 40960K, 0% used [0x00000000c0000000,0x00000000c0000000,0x00000000c2800000)
 Metaspace       used 3620K, capacity 4720K, committed 4864K, reserved 1056768K
  class space    used 391K, capacity 424K, committed 512K, reserved 1048576K
Event: 2.468 GC heap after
Heap after GC invocations=1 (full 0):
 PSYoungGen      total 17920K, used 1406K [0x00000000eab00000, 0x00000000ece00000, 0x0000000100000000)
  eden space 15360K, 0% used [0x00000000eab00000,0x00000000eab00000,0x00000000eba00000)
  from space 2560K, 54% used [0x00000000eba00000,0x00000000ebb5f8b0,0x00000000ebc80000)
  to   space 2560K, 0% used [0x00000000ecb80000,0x00000000ecb80000,0x00000000ece00000)
 ParOldGen       total 40960K, used 8K [0x00000000c0000000, 0x00000000c2800000, 0x00000000eab00000)
  object space 40960K, 0% used [0x00000000c0000000,0x00000000c0002000,0x00000000c2800000)
 Metaspace       used 3620K, capacity 4720K, committed 4864K, reserved 1056768K
  class space    used 391K, capacity 424K, committed 512K, reserved 1048576K
}
Event: 3.974 GC heap before
{Heap before GC invocations=2 (full 0):
 PSYoungGen      total 17920K, used 16766K [0x00000000eab00000, 0x00000000ece00000, 0x0000000100000000)
  eden space 15360K, 100% used [0x00000000eab00000,0x00000000eba00000,0x00000000eba00000)
  from space 2560K, 54% used [0x00000000eba00000,0x00000000ebb5f8b0,0x00000000ebc80000)
  to   space 2560K, 0% used [0x00000000ecb80000,0x00000000ecb80000,0x00000000ece00000)
 ParOldGen       total 40960K, used 8K [0x00000000c0000000, 0x00000000c2800000, 0x00000000eab00000)
  object space 40960K, 0% used [0x00000000c0000000,0x00000000c0002000,0x00000000c2800000)
 Metaspace       used 5877K, capacity 6772K, committed 7040K, reserved 1056768K
  class space    used 604K, capacity 620K, committed 640K, reserved 1048576K
Event: 3.985 GC heap after
Heap after GC invocations=2 (full 0):
 PSYoungGen      total 33280K, used 2551K [0x00000000eab00000, 0x00000000ece00000, 0x0000000100000000)
  eden space 30720K, 0% used [0x00000000eab00000,0x00000000eab00000,0x00000000ec900000)
  from space 2560K, 99% used [0x00000000ecb80000,0x00000000ecdfdd10,0x00000000ece00000)
  to   space 2560K, 0% used [0x00000000ec900000,0x00000000ec900000,0x00000000ecb80000)
 ParOldGen       total 40960K, used 2330K [0x00000000c0000000, 0x00000000c2800000, 0x00000000eab00000)
  object space 40960K, 5% used [0x00000000c0000000,0x00000000c02468d0,0x00000000c2800000)
 Metaspace       used 5877K, capacity 6772K, committed 7040K, reserved 1056768K
  class space    used 604K, capacity 620K, committed 640K, reserved 1048576K
}

Deoptimization events (6 events):
Event: 1.692 Thread 0x00000000003be000 Uncommon trap: reason=unstable_if action=reinterpret pc=0x00000000027fc344 method=java.lang.String.compareTo(Ljava/lang/String;)I @ 38
Event: 3.752 Thread 0x00000000567ec800 Uncommon trap: reason=unstable_if action=reinterpret pc=0x00000000028cd520 method=java.util.HashMap.getNode(ILjava/lang/Object;)Ljava/util/HashMap$Node; @ 129
Event: 4.026 Thread 0x0000000056832800 Uncommon trap: reason=unstable_if action=reinterpret pc=0x000000000290b520 method=java.util.BitSet.nextSetBit(I)I @ 87
Event: 4.288 Thread 0x000000005682d800 Uncommon trap: reason=class_check action=maybe_recompile pc=0x00000000029b6c58 method=com.android.dx.rop.type.Type.equals(Ljava/lang/Object;)Z @ 8
Event: 4.294 Thread 0x000000005682d800 Uncommon trap: reason=null_check action=make_not_entrant pc=0x00000000029b6c68 method=com.android.dx.rop.type.Type.equals(Ljava/lang/Object;)Z @ 8
Event: 4.306 Thread 0x000000005682d800 Uncommon trap: reason=unstable_if action=reinterpret pc=0x0000000002afe410 method=com.android.dx.util.LabeledList.set(ILcom/android/dx/util/LabeledItem;)V @ 16

Internal exceptions (3 events):
Event: 0.242 Thread 0x00000000003be000 Exception <a 'java/lang/NoSuchMethodError': Method sun.misc.Unsafe.defineClass(Ljava/lang/String;[BII)Ljava/lang/Class; name or signature does not match> (0x00000000eab130e0) thrown at [D:\re\puppet\workspace\8-2-build-windows-amd64-cygwin\jdk8u73\6086\hotDGÞò¯üÎ?
Event: 0.242 Thread 0x00000000003be000 Exception <a 'java/lang/NoSuchMethodError': Method sun.misc.Unsafe.prefetchRead(Ljava/lang/Object;J)V name or signature does not match> (0x00000000eab133c8) thrown at [D:\re\puppet\workspace\8-2-build-windows-amd64-cygwin\jdk8u73\6086\hotspot\src\share\vm\÷ÿ¬&-@
Event: 4.294 Thread 0x000000005682d800 Implicit null exception at 0x00000000029b6b52 to 0x00000000029b6c59

Events (10 events):
Event: 4.294 Thread 0x000000005682d800 DEOPT UNPACKING pc=0x00000000026e582a sp=0x0000000057fbe198 mode 2
Event: 4.306 Thread 0x000000005682d800 Uncommon trap: trap_request=0xffffff65 fr.pc=0x0000000002afe410
Event: 4.306 Thread 0x000000005682d800 DEOPT PACKING pc=0x0000000002afe410 sp=0x0000000057fbe490
Event: 4.306 Thread 0x000000005682d800 DEOPT UNPACKING pc=0x00000000026e582a sp=0x0000000057fbe478 mode 2
Event: 4.308 Thread 0x0000000056832800 DEOPT PACKING pc=0x00000000029ba1ed sp=0x00000000580ce530
Event: 4.309 Thread 0x0000000056832800 DEOPT UNPACKING pc=0x00000000026e787f sp=0x00000000580ce298 mode 0
Event: 4.310 Thread 0x0000000056832800 DEOPT PACKING pc=0x00000000029ba1ed sp=0x00000000580ce530
Event: 4.310 Thread 0x0000000056832800 DEOPT UNPACKING pc=0x00000000026e787f sp=0x00000000580ce298 mode 0
Event: 4.339 Thread 0x0000000056832800 DEOPT PACKING pc=0x00000000029b73aa sp=0x00000000580cdb80
Event: 4.416 Executing VM operation: EnableBiasedLocking


Dynamic libraries:
0x000000013f2a0000 - 0x000000013f2d7000 	C:\Program Files\Java\jdk1.8.0_73\bin\java.exe
0x00000000779b0000 - 0x0000000077b59000 	C:\Windows\SYSTEM32\ntdll.dll
0x0000000077890000 - 0x00000000779af000 	C:\Windows\system32\kernel32.dll
0x000007fefdb20000 - 0x000007fefdb8b000 	C:\Windows\system32\KERNELBASE.dll
0x000007fefeed0000 - 0x000007fefefab000 	C:\Windows\system32\ADVAPI32.dll
0x000007fefe040000 - 0x000007fefe0df000 	C:\Windows\system32\msvcrt.dll
0x000007fefdce0000 - 0x000007fefdcff000 	C:\Windows\SYSTEM32\sechost.dll
0x000007feff1c0000 - 0x000007feff2ed000 	C:\Windows\system32\RPCRT4.dll
0x0000000077790000 - 0x000000007788a000 	C:\Windows\system32\USER32.dll
0x000007feff080000 - 0x000007feff0e7000 	C:\Windows\system32\GDI32.dll
0x000007fefee70000 - 0x000007fefee7e000 	C:\Windows\system32\LPK.dll
0x000007feff0f0000 - 0x000007feff1b9000 	C:\Windows\system32\USP10.dll
0x000007fefc3a0000 - 0x000007fefc594000 	C:\Windows\WinSxS\amd64_microsoft.windows.common-controls_6595b64144ccf1df_6.0.7601.17514_none_fa396087175ac9ac\COMCTL32.dll
0x000007fefdee0000 - 0x000007fefdf51000 	C:\Windows\system32\SHLWAPI.dll
0x000007fefefb0000 - 0x000007fefefde000 	C:\Windows\system32\IMM32.DLL
0x000007feffbb0000 - 0x000007feffcb9000 	C:\Windows\system32\MSCTF.dll
0x0000000068e10000 - 0x0000000068ee2000 	C:\Program Files\Java\jdk1.8.0_73\jre\bin\msvcr100.dll
0x00000000663c0000 - 0x0000000066c50000 	C:\Program Files\Java\jdk1.8.0_73\jre\bin\server\jvm.dll
0x000007fefa3a0000 - 0x000007fefa3a9000 	C:\Windows\system32\WSOCK32.dll
0x000007fefee80000 - 0x000007fefeecd000 	C:\Windows\system32\WS2_32.dll
0x000007fefdcd0000 - 0x000007fefdcd8000 	C:\Windows\system32\NSI.dll
0x000007fefb8d0000 - 0x000007fefb90b000 	C:\Windows\system32\WINMM.dll
0x000007fefca60000 - 0x000007fefca6c000 	C:\Windows\system32\VERSION.dll
0x0000000077b70000 - 0x0000000077b77000 	C:\Windows\system32\PSAPI.DLL
0x00000000698a0000 - 0x00000000698af000 	C:\Program Files\Java\jdk1.8.0_73\jre\bin\verify.dll
0x0000000068de0000 - 0x0000000068e09000 	C:\Program Files\Java\jdk1.8.0_73\jre\bin\java.dll
0x0000000069880000 - 0x0000000069896000 	C:\Program Files\Java\jdk1.8.0_73\jre\bin\zip.dll
0x000007fefe0e0000 - 0x000007fefee68000 	C:\Windows\system32\SHELL32.dll
0x000007feff410000 - 0x000007feff613000 	C:\Windows\system32\ole32.dll
0x000007fefd900000 - 0x000007fefd90f000 	C:\Windows\system32\profapi.dll

VM Arguments:
jvm_args: -Djava.awt.headless=true -Xmx1024M -Dfile.encoding=x-windows-949 -Duser.country=KR -Duser.language=ko -Duser.variant 
java_command: com.android.dx.command.Main --dex --force-jumbo --num-threads=4 --multi-dex --output C:\Users\c\AndroidStudioProjects\helloworld\app\build\intermediates\transforms\dex\debug\folders\1000\10\com.android.support-support-v4-23.3.0_81871d350af7256ec2bd25817380bd893a475417 C:\Users\c\AndroidStudioProjects\helloworld\app\build\intermediates\exploded-aar\com.android.support\support-v4\23.3.0\jars\classes.jar
java_class_path (initial): C:\Users\c\AppData\Local\Android\sdk\build-tools\23.0.3\lib\dx.jar
Launcher Type: SUN_STANDARD

Environment Variables:
JAVA_HOME=C:\Program Files\Java\jdk1.8.0_73
PATH=C:\Dev\oracle\product\11.2.0\dbhome_1\bin;C:\ProgramData\Oracle\Java\javapath;C:\oraclexe\app\oracle\product\11.2.0\server\bin;;C:\Program Files\Java\jdk1.8.0_73\bin;C:\Windows\system32;C:\Windows;C:\Windows\System32\Wbem;C:\Windows\System32\WindowsPowerShell\v1.0\;C:\Program Files\Java\jdk1.8.0_73\bin;C:\Spring\spring-tool-suite-3.7.3.RELEASE-e4.5.2-win32-x86_64\sts-bundle\pivotal-tc-server-developer-3.1.3.SR1\tomcat-8.0.0.26.B.RELEASE;C:\Program Files (x86)\Google\Chrome\Application;C:\Dev\oracle\product\11.2.0\dbhome_1\bin;C:\ProgramData\Oracle\Java\javapath;C:\oraclexe\app\oracle\product\11.2.0\server\bin;C:\Program Files\Java\jdk1.8.0_73\bin;C:\Windows\system32;C:\Windows;C:\Windows\System32\Wbem;C:\Windows\System32\WindowsPowerShell\v1.0\;C:\Program Files\Java\jdk1.8.0_73\bin;C:\Spring\spring-tool-suite-3.7.3.RELEASE-e4.5.2-win32-x86_64\sts-bundle\pivotal-tc-server-developer-3.1.3.SR1\tomcat-8.0.0.26.B.RELEASE;C:\Users\c\AppData\Local\Programs\Git\cmd
USERNAME=c
OS=Windows_NT
PROCESSOR_IDENTIFIER=Intel64 Family 6 Model 60 Stepping 3, GenuineIntel



---------------  S Y S T E M  ---------------

OS: Windows 7 , 64 bit Build 7601 (6.1.7601.17514)

CPU:total 4 (2 cores per cpu, 2 threads per core) family 6 model 60 stepping 3, cmov, cx8, fxsr, mmx, sse, sse2, sse3, ssse3, sse4.1, sse4.2, popcnt, avx, avx2, aes, clmul, erms, lzcnt, ht, tsc, tscinvbit, bmi1, bmi2

Memory: 4k page, physical 3859800k(26632k free), swap 7751504k(5228k free)

vm_info: Java HotSpot(TM) 64-Bit Server VM (25.73-b02) for windows-amd64 JRE (1.8.0_73-b02), built on Jan 29 2016 17:38:49 by "java_re" with MS VC++ 10.0 (VS2010)

time: Sat May 07 10:16:55 2016
elapsed time: 5 seconds (0d 0h 0m 5s)

