#
# There is insufficient memory for the Java Runtime Environment to continue.
# Native memory allocation (malloc) failed to allocate 1363952 bytes for Chunk::new
# Possible reasons:
#   The system is out of physical RAM or swap space
#   In 32 bit mode, the process size limit was hit
# Possible solutions:
#   Reduce memory load on the system
#   Increase physical memory or swap space
#   Check if swap backing store is full
#   Use 64 bit Java on a 64 bit OS
#   Decrease Java heap size (-Xmx/-Xms)
#   Decrease number of Java threads
#   Decrease Java thread stack sizes (-Xss)
#   Set larger code cache with -XX:ReservedCodeCacheSize=
# This output file may be truncated or incomplete.
#
#  Out of Memory Error (allocation.cpp:390), pid=6684, tid=6628
#
# JRE version: Java(TM) SE Runtime Environment (8.0_73-b02) (build 1.8.0_73-b02)
# Java VM: Java HotSpot(TM) 64-Bit Server VM (25.73-b02 mixed mode windows-amd64 compressed oops)
# Failed to write core dump. Minidumps are not enabled by default on client versions of Windows
#

---------------  T H R E A D  ---------------

Current thread (0x00000000564d5000):  JavaThread "C2 CompilerThread1" daemon [_thread_in_native, id=6628, stack(0x0000000056090000,0x0000000056190000)]

Stack: [0x0000000056090000,0x0000000056190000]
[error occurred during error reporting (printing stack bounds), id 0xc0000005]

Native frames: (J=compiled Java code, j=interpreted, Vv=VM code, C=native code)


Current CompileTask:
C2:   7004 1427   !   4       com.android.dx.cf.cst.ConstantPoolParser::parse0 (731 bytes)


---------------  P R O C E S S  ---------------

Java Threads: ( => current thread )
  0x00000000567c8000 JavaThread "pool-2-thread-4" [_thread_blocked, id=6536, stack(0x0000000057c90000,0x0000000057d90000)]
  0x000000005732f000 JavaThread "pool-2-thread-3" [_thread_blocked, id=6588, stack(0x00000000562c0000,0x00000000563c0000)]
  0x00000000567c7000 JavaThread "pool-2-thread-2" [_thread_in_Java, id=5476, stack(0x0000000057dd0000,0x0000000057ed0000)]
  0x0000000056786800 JavaThread "pool-3-thread-1" [_thread_blocked, id=6488, stack(0x0000000057b70000,0x0000000057c70000)]
  0x00000000567a0800 JavaThread "pool-2-thread-1" [_thread_blocked, id=6668, stack(0x00000000570f0000,0x00000000571f0000)]
  0x0000000056564800 JavaThread "Service Thread" daemon [_thread_blocked, id=5148, stack(0x0000000056ff0000,0x00000000570f0000)]
  0x00000000564d5800 JavaThread "C1 CompilerThread2" daemon [_thread_blocked, id=5444, stack(0x0000000056e70000,0x0000000056f70000)]
=>0x00000000564d5000 JavaThread "C2 CompilerThread1" daemon [_thread_in_native, id=6628, stack(0x0000000056090000,0x0000000056190000)]
  0x00000000564cb000 JavaThread "C2 CompilerThread0" daemon [_thread_in_native, id=7032, stack(0x0000000056ce0000,0x0000000056de0000)]
  0x00000000564c9800 JavaThread "Attach Listener" daemon [_thread_blocked, id=7048, stack(0x0000000056ab0000,0x0000000056bb0000)]
  0x0000000054fcf000 JavaThread "Signal Dispatcher" daemon [_thread_blocked, id=6956, stack(0x0000000056910000,0x0000000056a10000)]
  0x0000000054f61800 JavaThread "Finalizer" daemon [_thread_blocked, id=5844, stack(0x00000000563c0000,0x00000000564c0000)]
  0x0000000054f60000 JavaThread "Reference Handler" daemon [_thread_blocked, id=5888, stack(0x00000000561b0000,0x00000000562b0000)]
  0x00000000024de000 JavaThread "main" [_thread_blocked, id=6428, stack(0x00000000026a0000,0x00000000027a0000)]

Other Threads:
  0x0000000054f5a800 VMThread [stack: 0x0000000055f20000,0x0000000056020000] [id=6336]
  0x0000000056573800 WatcherThread [stack: 0x00000000571f0000,0x00000000572f0000] [id=6792]

VM state:not at safepoint (normal execution)

VM Mutex/Monitor currently owned by a thread: None

Heap:
 PSYoungGen      total 33280K, used 16188K [0x00000000eab00000, 0x00000000ece00000, 0x0000000100000000)
  eden space 30720K, 44% used [0x00000000eab00000,0x00000000eb854b78,0x00000000ec900000)
  from space 2560K, 99% used [0x00000000ec900000,0x00000000ecb7a638,0x00000000ecb80000)
  to   space 2560K, 0% used [0x00000000ecb80000,0x00000000ecb80000,0x00000000ece00000)
 ParOldGen       total 40960K, used 6879K [0x00000000c0000000, 0x00000000c2800000, 0x00000000eab00000)
  object space 40960K, 16% used [0x00000000c0000000,0x00000000c06b7c18,0x00000000c2800000)
 Metaspace       used 6264K, capacity 7092K, committed 7296K, reserved 1056768K
  class space    used 604K, capacity 620K, committed 640K, reserved 1048576K

Card table byte_map: [0x0000000011b60000,0x0000000011d70000] byte_map_base: 0x0000000011560000

Marking Bits: (ParMarkBitMap*) 0x0000000066bd0600
 Begin Bits: [0x00000000123d0000, 0x00000000133d0000)
 End Bits:   [0x00000000133d0000, 0x00000000143d0000)

Polling page: 0x0000000000330000

CodeCache: size=245760Kb used=6329Kb max_used=6329Kb free=239430Kb
 bounds [0x00000000027a0000, 0x0000000002de0000, 0x00000000117a0000]
 total_blobs=1830 nmethods=1559 adapters=184
 compilation: enabled

Compilation events (10 events):
Event: 4.765 Thread 0x00000000564d5800 nmethod 1544 0x0000000002db3190 code [0x0000000002db3300, 0x0000000002db3728]
Event: 4.765 Thread 0x00000000564d5800 1545       3       com.android.dx.ssa.PhiTypeResolver::equalsHandlesNulls (23 bytes)
Event: 4.766 Thread 0x00000000564d5800 nmethod 1545 0x0000000002db3850 code [0x0000000002db39e0, 0x0000000002db3e28]
Event: 4.767 Thread 0x00000000564d5800 1546       3       com.android.dx.rop.code.Rops::opReturn (89 bytes)
Event: 5.765 Thread 0x00000000564d5800 nmethod 1546 0x0000000002db3f50 code [0x0000000002db4180, 0x0000000002db4d58]
Event: 5.920 Thread 0x00000000564cb000 nmethod 1480 0x0000000002dbbbd0 code [0x0000000002dbc060, 0x0000000002dbfbc0]
Event: 5.920 Thread 0x00000000564cb000 1501       4       com.android.dx.ssa.SsaInsn::<init> (29 bytes)
Event: 5.921 Thread 0x00000000564cb000 nmethod 1501 0x0000000002c7c150 code [0x0000000002c7c280, 0x0000000002c7c318]
Event: 5.921 Thread 0x00000000564cb000 1483       4       com.android.dx.ssa.back.FirstFitLocalCombiningAllocator$1::processInsn (169 bytes)
Event: 6.024 Thread 0x00000000564d5800 1558       3       com.android.dx.ssa.back.FirstFitLocalCombiningAllocator::handleCheckCastResults (413 bytes)

GC Heap History (6 events):
Event: 1.138 GC heap before
{Heap before GC invocations=1 (full 0):
 PSYoungGen      total 17920K, used 15360K [0x00000000eab00000, 0x00000000ebf00000, 0x0000000100000000)
  eden space 15360K, 100% used [0x00000000eab00000,0x00000000eba00000,0x00000000eba00000)
  from space 2560K, 0% used [0x00000000ebc80000,0x00000000ebc80000,0x00000000ebf00000)
  to   space 2560K, 0% used [0x00000000eba00000,0x00000000eba00000,0x00000000ebc80000)
 ParOldGen       total 40960K, used 0K [0x00000000c0000000, 0x00000000c2800000, 0x00000000eab00000)
  object space 40960K, 0% used [0x00000000c0000000,0x00000000c0000000,0x00000000c2800000)
 Metaspace       used 5342K, capacity 6320K, committed 6528K, reserved 1056768K
  class space    used 588K, capacity 616K, committed 640K, reserved 1048576K
Event: 1.246 GC heap after
Heap after GC invocations=1 (full 0):
 PSYoungGen      total 17920K, used 2544K [0x00000000eab00000, 0x00000000ece00000, 0x0000000100000000)
  eden space 15360K, 0% used [0x00000000eab00000,0x00000000eab00000,0x00000000eba00000)
  from space 2560K, 99% used [0x00000000eba00000,0x00000000ebc7c028,0x00000000ebc80000)
  to   space 2560K, 0% used [0x00000000ecb80000,0x00000000ecb80000,0x00000000ece00000)
 ParOldGen       total 40960K, used 686K [0x00000000c0000000, 0x00000000c2800000, 0x00000000eab00000)
  object space 40960K, 1% used [0x00000000c0000000,0x00000000c00abb38,0x00000000c2800000)
 Metaspace       used 5342K, capacity 6320K, committed 6528K, reserved 1056768K
  class space    used 588K, capacity 616K, committed 640K, reserved 1048576K
}
Event: 2.190 GC heap before
{Heap before GC invocations=2 (full 0):
 PSYoungGen      total 17920K, used 17904K [0x00000000eab00000, 0x00000000ece00000, 0x0000000100000000)
  eden space 15360K, 100% used [0x00000000eab00000,0x00000000eba00000,0x00000000eba00000)
  from space 2560K, 99% used [0x00000000eba00000,0x00000000ebc7c028,0x00000000ebc80000)
  to   space 2560K, 0% used [0x00000000ecb80000,0x00000000ecb80000,0x00000000ece00000)
 ParOldGen       total 40960K, used 686K [0x00000000c0000000, 0x00000000c2800000, 0x00000000eab00000)
  object space 40960K, 1% used [0x00000000c0000000,0x00000000c00abb38,0x00000000c2800000)
 Metaspace       used 6018K, capacity 6900K, committed 7040K, reserved 1056768K
  class space    used 599K, capacity 620K, committed 640K, reserved 1048576K
Event: 2.276 GC heap after
Heap after GC invocations=2 (full 0):
 PSYoungGen      total 33280K, used 2544K [0x00000000eab00000, 0x00000000ece00000, 0x0000000100000000)
  eden space 30720K, 0% used [0x00000000eab00000,0x00000000eab00000,0x00000000ec900000)
  from space 2560K, 99% used [0x00000000ecb80000,0x00000000ecdfc2a8,0x00000000ece00000)
  to   space 2560K, 0% used [0x00000000ec900000,0x00000000ec900000,0x00000000ecb80000)
 ParOldGen       total 40960K, used 2186K [0x00000000c0000000, 0x00000000c2800000, 0x00000000eab00000)
  object space 40960K, 5% used [0x00000000c0000000,0x00000000c0222868,0x00000000c2800000)
 Metaspace       used 6018K, capacity 6900K, committed 7040K, reserved 1056768K
  class space    used 599K, capacity 620K, committed 640K, reserved 1048576K
}
Event: 3.716 GC heap before
{Heap before GC invocations=3 (full 0):
 PSYoungGen      total 33280K, used 33264K [0x00000000eab00000, 0x00000000ece00000, 0x0000000100000000)
  eden space 30720K, 100% used [0x00000000eab00000,0x00000000ec900000,0x00000000ec900000)
  from space 2560K, 99% used [0x00000000ecb80000,0x00000000ecdfc2a8,0x00000000ece00000)
  to   space 2560K, 0% used [0x00000000ec900000,0x00000000ec900000,0x00000000ecb80000)
 ParOldGen       total 40960K, used 2186K [0x00000000c0000000, 0x00000000c2800000, 0x00000000eab00000)
  object space 40960K, 5% used [0x00000000c0000000,0x00000000c0222868,0x00000000c2800000)
 Metaspace       used 6253K, capacity 7092K, committed 7296K, reserved 1056768K
  class space    used 604K, capacity 620K, committed 640K, reserved 1048576K
Event: 4.753 GC heap after
Heap after GC invocations=3 (full 0):
 PSYoungGen      total 33280K, used 2537K [0x00000000eab00000, 0x00000000ece00000, 0x0000000100000000)
  eden space 30720K, 0% used [0x00000000eab00000,0x00000000eab00000,0x00000000ec900000)
  from space 2560K, 99% used [0x00000000ec900000,0x00000000ecb7a638,0x00000000ecb80000)
  to   space 2560K, 0% used [0x00000000ecb80000,0x00000000ecb80000,0x00000000ece00000)
 ParOldGen       total 40960K, used 6879K [0x00000000c0000000, 0x00000000c2800000, 0x00000000eab00000)
  object space 40960K, 16% used [0x00000000c0000000,0x00000000c06b7c18,0x00000000c2800000)
 Metaspace       used 6253K, capacity 7092K, committed 7296K, reserved 1056768K
  class space    used 604K, capacity 620K, committed 640K, reserved 1048576K
}

Deoptimization events (3 events):
Event: 0.827 Thread 0x00000000024de000 Uncommon trap: reason=unstable_if action=reinterpret pc=0x00000000028fd104 method=java.lang.String.compareTo(Ljava/lang/String;)I @ 38
Event: 3.345 Thread 0x00000000567c8000 Uncommon trap: reason=null_check action=make_not_entrant pc=0x00000000029e9e78 method=com.android.dx.ssa.SsaRenamer.getLocalForNewReg(I)Lcom/android/dx/rop/code/LocalItem; @ 19
Event: 3.345 Thread 0x00000000567c8000 Uncommon trap: reason=null_check action=make_not_entrant pc=0x00000000029f40ac method=com.android.dx.ssa.SsaRenamer.getLocalForNewReg(I)Lcom/android/dx/rop/code/LocalItem; @ 19

Internal exceptions (4 events):
Event: 0.556 Thread 0x00000000024de000 Exception <a 'java/lang/NoSuchMethodError': Method sun.misc.Unsafe.defineClass(Ljava/lang/String;[BII)Ljava/lang/Class; name or signature does not match> (0x00000000eab130e0) thrown at [D:\re\puppet\workspace\8-2-build-windows-amd64-cygwin\jdk8u73\6086\hot'¡Ë=²Ìá?
Event: 0.556 Thread 0x00000000024de000 Exception <a 'java/lang/NoSuchMethodError': Method sun.misc.Unsafe.prefetchRead(Ljava/lang/Object;J)V name or signature does not match> (0x00000000eab133c8) thrown at [D:\re\puppet\workspace\8-2-build-windows-amd64-cygwin\jdk8u73\6086\hotspot\src\share\vm\ÌŠÝ‘ÃÄ@
Event: 2.346 Thread 0x00000000567c8000 Implicit null exception at 0x00000000029e84d6 to 0x00000000029e9e31
Event: 3.345 Thread 0x00000000567c8000 Implicit null exception at 0x00000000029f25be to 0x00000000029f4089

Events (10 events):
Event: 3.380 loading class com/android/dx/cf/attrib/AttExceptions
Event: 3.380 loading class com/android/dx/cf/attrib/AttExceptions done
Event: 3.486 loading class com/android/dx/cf/attrib/AttRuntimeInvisibleAnnotations
Event: 3.486 loading class com/android/dx/cf/attrib/AttRuntimeInvisibleAnnotations done
Event: 3.486 loading class com/android/dx/cf/attrib/BaseAnnotations
Event: 3.486 loading class com/android/dx/cf/attrib/BaseAnnotations done
Event: 3.621 loading class com/android/dx/cf/code/SwitchList
Event: 3.621 loading class com/android/dx/cf/code/SwitchList done
Event: 3.703 Executing VM operation: ParallelGCFailedAllocation
Event: 4.754 Executing VM operation: ParallelGCFailedAllocation done


Dynamic libraries:
0x000000013f2a0000 - 0x000000013f2d7000 	C:\Program Files\Java\jdk1.8.0_73\bin\java.exe
0x00000000779b0000 - 0x0000000077b59000 	C:\Windows\SYSTEM32\ntdll.dll
0x0000000077890000 - 0x00000000779af000 	C:\Windows\system32\kernel32.dll
0x000007fefdb20000 - 0x000007fefdb8b000 	C:\Windows\system32\KERNELBASE.dll
0x000007fefeed0000 - 0x000007fefefab000 	C:\Windows\system32\ADVAPI32.dll
0x000007fefe040000 - 0x000007fefe0df000 	C:\Windows\system32\msvcrt.dll
0x000007fefdce0000 - 0x000007fefdcff000 	C:\Windows\SYSTEM32\sechost.dll
0x000007feff1c0000 - 0x000007feff2ed000 	C:\Windows\system32\RPCRT4.dll
0x0000000077790000 - 0x000000007788a000 	C:\Windows\system32\USER32.dll
0x000007feff080000 - 0x000007feff0e7000 	C:\Windows\system32\GDI32.dll
0x000007fefee70000 - 0x000007fefee7e000 	C:\Windows\system32\LPK.dll
0x000007feff0f0000 - 0x000007feff1b9000 	C:\Windows\system32\USP10.dll
0x000007fefc3a0000 - 0x000007fefc594000 	C:\Windows\WinSxS\amd64_microsoft.windows.common-controls_6595b64144ccf1df_6.0.7601.17514_none_fa396087175ac9ac\COMCTL32.dll
0x000007fefdee0000 - 0x000007fefdf51000 	C:\Windows\system32\SHLWAPI.dll
0x000007fefefb0000 - 0x000007fefefde000 	C:\Windows\system32\IMM32.DLL
0x000007feffbb0000 - 0x000007feffcb9000 	C:\Windows\system32\MSCTF.dll
0x0000000068e10000 - 0x0000000068ee2000 	C:\Program Files\Java\jdk1.8.0_73\jre\bin\msvcr100.dll
0x00000000663c0000 - 0x0000000066c50000 	C:\Program Files\Java\jdk1.8.0_73\jre\bin\server\jvm.dll
0x000007fefa3a0000 - 0x000007fefa3a9000 	C:\Windows\system32\WSOCK32.dll
0x000007fefee80000 - 0x000007fefeecd000 	C:\Windows\system32\WS2_32.dll
0x000007fefdcd0000 - 0x000007fefdcd8000 	C:\Windows\system32\NSI.dll
0x000007fefb8d0000 - 0x000007fefb90b000 	C:\Windows\system32\WINMM.dll
0x000007fefca60000 - 0x000007fefca6c000 	C:\Windows\system32\VERSION.dll
0x0000000077b70000 - 0x0000000077b77000 	C:\Windows\system32\PSAPI.DLL
0x00000000698a0000 - 0x00000000698af000 	C:\Program Files\Java\jdk1.8.0_73\jre\bin\verify.dll
0x0000000068de0000 - 0x0000000068e09000 	C:\Program Files\Java\jdk1.8.0_73\jre\bin\java.dll
0x0000000069880000 - 0x0000000069896000 	C:\Program Files\Java\jdk1.8.0_73\jre\bin\zip.dll
0x000007fefe0e0000 - 0x000007fefee68000 	C:\Windows\system32\SHELL32.dll
0x000007feff410000 - 0x000007feff613000 	C:\Windows\system32\ole32.dll
0x000007fefd900000 - 0x000007fefd90f000 	C:\Windows\system32\profapi.dll

VM Arguments:
jvm_args: -Djava.awt.headless=true -Xmx1024M -Dfile.encoding=x-windows-949 -Duser.country=KR -Duser.language=ko -Duser.variant 
java_command: com.android.dx.command.Main --dex --force-jumbo --num-threads=4 --multi-dex --output C:\Users\c\AndroidStudioProjects\helloworld\app\build\intermediates\transforms\dex\debug\folders\1000\10\internal_impl-23.3.0_ab318094591e040aee346cd468ccc4bf22861c64 C:\Users\c\AndroidStudioProjects\helloworld\app\build\intermediates\exploded-aar\com.android.support\support-v4\23.3.0\jars\libs\internal_impl-23.3.0.jar
java_class_path (initial): C:\Users\c\AppData\Local\Android\sdk\build-tools\23.0.3\lib\dx.jar
Launcher Type: SUN_STANDARD

Environment Variables:
JAVA_HOME=C:\Program Files\Java\jdk1.8.0_73
PATH=C:\Dev\oracle\product\11.2.0\dbhome_1\bin;C:\ProgramData\Oracle\Java\javapath;C:\oraclexe\app\oracle\product\11.2.0\server\bin;;C:\Program Files\Java\jdk1.8.0_73\bin;C:\Windows\system32;C:\Windows;C:\Windows\System32\Wbem;C:\Windows\System32\WindowsPowerShell\v1.0\;C:\Program Files\Java\jdk1.8.0_73\bin;C:\Spring\spring-tool-suite-3.7.3.RELEASE-e4.5.2-win32-x86_64\sts-bundle\pivotal-tc-server-developer-3.1.3.SR1\tomcat-8.0.0.26.B.RELEASE;C:\Program Files (x86)\Google\Chrome\Application;C:\Dev\oracle\product\11.2.0\dbhome_1\bin;C:\ProgramData\Oracle\Java\javapath;C:\oraclexe\app\oracle\product\11.2.0\server\bin;C:\Program Files\Java\jdk1.8.0_73\bin;C:\Windows\system32;C:\Windows;C:\Windows\System32\Wbem;C:\Windows\System32\WindowsPowerShell\v1.0\;C:\Program Files\Java\jdk1.8.0_73\bin;C:\Spring\spring-tool-suite-3.7.3.RELEASE-e4.5.2-win32-x86_64\sts-bundle\pivotal-tc-server-developer-3.1.3.SR1\tomcat-8.0.0.26.B.RELEASE;C:\Users\c\AppData\Local\Programs\Git\cmd
USERNAME=c
OS=Windows_NT
PROCESSOR_IDENTIFIER=Intel64 Family 6 Model 60 Stepping 3, GenuineIntel



---------------  S Y S T E M  ---------------

OS: Windows 7 , 64 bit Build 7601 (6.1.7601.17514)

CPU:total 4 (2 cores per cpu, 2 threads per core) family 6 model 60 stepping 3, cmov, cx8, fxsr, mmx, sse, sse2, sse3, ssse3, sse4.1, sse4.2, popcnt, avx, avx2, aes, clmul, erms, lzcnt, ht, tsc, tscinvbit, bmi1, bmi2

Memory: 4k page, physical 3859800k(26872k free), swap 7751504k(4784k free)

vm_info: Java HotSpot(TM) 64-Bit Server VM (25.73-b02) for windows-amd64 JRE (1.8.0_73-b02), built on Jan 29 2016 17:38:49 by "java_re" with MS VC++ 10.0 (VS2010)

time: Sat May 07 10:16:55 2016
elapsed time: 7 seconds (0d 0h 0m 7s)

